<?xml version="1.0" encoding="UTF-8"?>
<robot generator="Robot 7.0 (Python 3.12.6 on win32)" generated="2024-09-18T12:39:26.679640" rpa="false" schemaversion="5">
<suite id="s1" name="Testlogin" source="C:\Users\a607482\eclipse-workspace\testb\tests\testlogin.robot">
<test id="s1-t1" name="premier test" line="4">
<kw name="Log To Console" owner="BuiltIn">
<arg>bonjour</arg>
<doc>Logs the given message to the console.</doc>
<status status="PASS" start="2024-09-18T12:39:26.716319" elapsed="0.000000"/>
</kw>
<status status="PASS" start="2024-09-18T12:39:26.715318" elapsed="0.002008"/>
</test>
<status status="PASS" start="2024-09-18T12:39:26.680647" elapsed="0.037024"/>
</suite>
<statistics>
<total>
<stat pass="1" fail="0" skip="0">All Tests</stat>
</total>
<tag>
</tag>
<suite>
<stat pass="1" fail="0" skip="0" id="s1" name="Testlogin">Testlogin</stat>
</suite>
</statistics>
<errors>
</errors>
</robot>
